Determining if the pthread_create exist failed with the following output:
Change Dir: /home/jesse/CSC790-Project/build/catkin_tools_prebuild/CMakeFiles/CMakeTmp

Run Build Command:"/usr/bin/make" "cmTC_1a6ce/fast"
/usr/bin/make -f CMakeFiles/cmTC_1a6ce.dir/build.make CMakeFiles/cmTC_1a6ce.dir/build
make[1]: Entering directory '/home/jesse/CSC790-Project/build/catkin_tools_prebuild/CMakeFiles/CMakeTmp'
Building C object CMakeFiles/cmTC_1a6ce.dir/CheckSymbolExists.c.o
/usr/bin/cc     -o CMakeFiles/cmTC_1a6ce.dir/CheckSymbolExists.c.o   -c /home/jesse/CSC790-Project/build/catkin_tools_prebuild/CMakeFiles/CMakeTmp/CheckSymbolExists.c
Linking C executable cmTC_1a6ce
/usr/bin/cmake -E cmake_link_script CMakeFiles/cmTC_1a6ce.dir/link.txt --verbose=1
/usr/bin/cc       CMakeFiles/cmTC_1a6ce.dir/CheckSymbolExists.c.o  -o cmTC_1a6ce -rdynamic 
CMakeFiles/cmTC_1a6ce.dir/CheckSymbolExists.c.o: In function `main':
CheckSymbolExists.c:(.text+0x16): undefined reference to `pthread_create'
collect2: error: ld returned 1 exit status
CMakeFiles/cmTC_1a6ce.dir/build.make:97: recipe for target 'cmTC_1a6ce' failed
make[1]: *** [cmTC_1a6ce] Error 1
make[1]: Leaving directory '/home/jesse/CSC790-Project/build/catkin_tools_prebuild/CMakeFiles/CMakeTmp'
Makefile:126: recipe for target 'cmTC_1a6ce/fast' failed
make: *** [cmTC_1a6ce/fast] Error 2

File /home/jesse/CSC790-Project/build/catkin_tools_prebuild/CMakeFiles/CMakeTmp/CheckSymbolExists.c:
/* */
#include <pthread.h>

int main(int argc, char** argv)
{
  (void)argv;
#ifndef pthread_create
  return ((int*)(&pthread_create))[argc];
#else
  (void)argc;
  return 0;
#endif
}

Determining if the function pthread_create exists in the pthreads failed with the following output:
Change Dir: /home/jesse/CSC790-Project/build/catkin_tools_prebuild/CMakeFiles/CMakeTmp

Run Build Command:"/usr/bin/make" "cmTC_c24ac/fast"
/usr/bin/make -f CMakeFiles/cmTC_c24ac.dir/build.make CMakeFiles/cmTC_c24ac.dir/build
make[1]: Entering directory '/home/jesse/CSC790-Project/build/catkin_tools_prebuild/CMakeFiles/CMakeTmp'
Building C object CMakeFiles/cmTC_c24ac.dir/CheckFunctionExists.c.o
/usr/bin/cc    -DCHECK_FUNCTION_EXISTS=pthread_create   -o CMakeFiles/cmTC_c24ac.dir/CheckFunctionExists.c.o   -c /usr/share/cmake-3.5/Modules/CheckFunctionExists.c
Linking C executable cmTC_c24ac
/usr/bin/cmake -E cmake_link_script CMakeFiles/cmTC_c24ac.dir/link.txt --verbose=1
/usr/bin/cc   -DCHECK_FUNCTION_EXISTS=pthread_create    CMakeFiles/cmTC_c24ac.dir/CheckFunctionExists.c.o  -o cmTC_c24ac -rdynamic -lpthreads 
/usr/bin/ld: cannot find -lpthreads
collect2: error: ld returned 1 exit status
CMakeFiles/cmTC_c24ac.dir/build.make:97: recipe for target 'cmTC_c24ac' failed
make[1]: *** [cmTC_c24ac] Error 1
make[1]: Leaving directory '/home/jesse/CSC790-Project/build/catkin_tools_prebuild/CMakeFiles/CMakeTmp'
Makefile:126: recipe for target 'cmTC_c24ac/fast' failed
make: *** [cmTC_c24ac/fast] Error 2


